<?xml version="1.0" encoding="UTF-8"?>
<testsuite xmlns:xsi="http://www.w3.org/2001/XMLSchema-instance" xsi:noNamespaceSchemaLocation="https://maven.apache.org/surefire/maven-surefire-plugin/xsd/surefire-test-report-3.0.xsd" version="3.0" name="com.example.Playlist.Generator.App.PlaylistTransferAppApplicationTests" time="1.563" tests="1" errors="0" skipped="0" failures="0">
  <properties>
[...]
</properties>
  <testcase name="contextLoads" classname="com.example.Playlist.Generator.App.PlaylistTransferAppApplicationTests" time="0.43">
    <system-out><![CDATA[11:11:06.902 [main] INFO org.springframework.test.context.support.AnnotationConfigContextLoaderUtils -- Could not detect default configuration classes for test class [com.example.Playlist.Generator.App.PlaylistTransferAppApplicationTests]: PlaylistTransferAppApplicationTests does not declare any static, non-private, non-final, nested classes annotated with @Configuration.
11:11:06.947 [main] INFO org.springframework.boot.test.context.SpringBootTestContextBootstrapper -- Found @SpringBootConfiguration com.example.Playlist.Generator.App.PlaylistTransferAppApplication for test class com.example.Playlist.Generator.App.PlaylistTransferAppApplicationTests

  .   ____          _            __ _ _
 /\\ / ___'_ __ _ _(_)_ __  __ _ \ \ \ \
( ( )\___ | '_ | '_| | '_ \/ _` | \ \ \ \
 \\/  ___)| |_)| | | | | || (_| |  ) ) ) )
  '  |____| .__|_| |_|_| |_\__, | / / / /
 =========|_|==============|___/=/_/_/_/

 :: Spring Boot ::                (v3.3.2)

2024-09-17T11:11:07.120-04:00  INFO 17161 --- [           main] .G.A.PlaylistTransferAppApplicationTests : Starting PlaylistTransferAppApplicationTests using Java 21.0.4 with PID 17161 (started by rodri in /Users/rodri/IdeaProjects/Playlist-Transfer-App)
2024-09-17T11:11:07.121-04:00  INFO 17161 --- [           main] .G.A.PlaylistTransferAppApplicationTests : No active profile set, falling back to 1 default profile: "default"
2024-09-17T11:11:07.941-04:00  INFO 17161 --- [           main] .G.A.PlaylistTransferAppApplicationTests : Started PlaylistTransferAppApplicationTests in 0.926 seconds (process running for 1.351)
]]></system-out>
    <system-err><![CDATA[WARNING: A Java agent has been loaded dynamically (/Users/rodri/.m2/repository/net/bytebuddy/byte-buddy-agent/1.14.18/byte-buddy-agent-1.14.18.jar)
WARNING: If a serviceability tool is in use, please run with -XX:+EnableDynamicAgentLoading to hide this warning
WARNING: If a serviceability tool is not in use, please run with -Djdk.instrument.traceUsage for more information
WARNING: Dynamic loading of agents will be disallowed by default in a future release
]]></system-err>
  </testcase>
</testsuite>